Flow report for FFT_new
Sun Jun 10 22:19:58 2012
Quartus II Version 9.1 Build 222 10/21/2009 SJ Full Version


---------------------
; Table of Contents ;
---------------------
  1. Legal Notice
  2. Flow Summary
  3. Flow Settings
  4. Flow Non-Default Global Settings
  5. Flow Elapsed Time
  6. Flow OS Summary
  7. Flow Log



----------------
; Legal Notice ;
----------------
Copyright (C) 1991-2009 Altera Corporation
Your use of Altera Corporation's design tools, logic functions 
and other software and tools, and its AMPP partner logic 
functions, and any output files from any of the foregoing 
(including device programming or simulation files), and any 
associated documentation or information are expressly subject 
to the terms and conditions of the Altera Program License 
Subscription Agreement, Altera MegaCore Function License 
Agreement, or other applicable license agreement, including, 
without limitation, that your use is for the sole purpose of 
programming logic devices manufactured by Altera and sold by 
Altera or its authorized distributors.  Please refer to the 
applicable agreement for further details.



+-------------------------------------------------------------------------------+
; Flow Summary                                                                  ;
+------------------------------------+------------------------------------------+
; Flow Status                        ; Successful - Sun Jun 10 22:19:58 2012    ;
; Quartus II Version                 ; 9.1 Build 222 10/21/2009 SJ Full Version ;
; Revision Name                      ; FFT_new                                  ;
; Top-level Entity Name              ; FFT_IFFT                                 ;
; Family                             ; Cyclone III                              ;
; Device                             ; EP3C25F324C8                             ;
; Timing Models                      ; Final                                    ;
; Met timing requirements            ; N/A                                      ;
; Total logic elements               ; 2,297                                    ;
;     Total combinational functions  ; 1,729                                    ;
;     Dedicated logic registers      ; 1,251                                    ;
; Total registers                    ; 1251                                     ;
; Total pins                         ; 88                                       ;
; Total virtual pins                 ; 0                                        ;
; Total memory bits                  ; 1,908                                    ;
; Embedded Multiplier 9-bit elements ; 16                                       ;
; Total PLLs                         ; 0                                        ;
+------------------------------------+------------------------------------------+


+-----------------------------------------+
; Flow Settings                           ;
+-------------------+---------------------+
; Option            ; Setting             ;
+-------------------+---------------------+
; Start date & time ; 06/10/2012 22:19:48 ;
; Main task         ; Compilation         ;
; Revision Name     ; FFT_new             ;
+-------------------+---------------------+


+-------------------------------------------------------------------------------------------------------------------------+
; Flow Non-Default Global Settings                                                                                        ;
+------------------------------------+-------------------------------------+---------------+-------------+----------------+
; Assignment Name                    ; Value                               ; Default Value ; Entity Name ; Section Id     ;
+------------------------------------+-------------------------------------+---------------+-------------+----------------+
; COMPILER_SIGNATURE_ID              ; 160601988257.133933798829796        ; --            ; --          ; --             ;
; EDA_OUTPUT_DATA_FORMAT             ; Verilog Hdl                         ; --            ; --          ; eda_simulation ;
; EDA_SIMULATION_TOOL                ; ModelSim (Verilog)                  ; <None>        ; --          ; --             ;
; EDA_TIME_SCALE                     ; 1 ps                                ; --            ; --          ; eda_simulation ;
; FMAX_REQUIREMENT                   ; 120 MHz                             ; --            ; --          ; --             ;
; MAX_CORE_JUNCTION_TEMP             ; 85                                  ; --            ; --          ; --             ;
; MIN_CORE_JUNCTION_TEMP             ; 0                                   ; --            ; --          ; --             ;
; MISC_FILE                          ; D:/FPGA designs/FFT_new/FFT_new.dpf ; --            ; --          ; --             ;
; NOMINAL_CORE_SUPPLY_VOLTAGE        ; 1.2V                                ; --            ; --          ; --             ;
; PARTITION_COLOR                    ; 16764057                            ; --            ; FFT_IFFT    ; Top            ;
; PARTITION_NETLIST_TYPE             ; SOURCE                              ; --            ; FFT_IFFT    ; Top            ;
; TOP_LEVEL_ENTITY                   ; FFT_IFFT                            ; FFT_new       ; --          ; --             ;
; USE_GENERATED_PHYSICAL_CONSTRAINTS ; Off                                 ; --            ; --          ; eda_blast_fpga ;
; USE_TIMEQUEST_TIMING_ANALYZER      ; Off                                 ; On            ; --          ; --             ;
+------------------------------------+-------------------------------------+---------------+-------------+----------------+


+--------------------------------------------------------------------------------------------------------------------------+
; Flow Elapsed Time                                                                                                        ;
+----------------------+--------------+-------------------------+---------------------+------------------------------------+
; Module Name          ; Elapsed Time ; Average Processors Used ; Peak Virtual Memory ; Total CPU Time (on all processors) ;
+----------------------+--------------+-------------------------+---------------------+------------------------------------+
; Analysis & Synthesis ; 00:00:09     ; 1.0                     ; 216 MB              ; 00:00:09                           ;
; Total                ; 00:00:09     ; --                      ; --                  ; 00:00:09                           ;
+----------------------+--------------+-------------------------+---------------------+------------------------------------+


+---------------------------------------------------------------------------------------+
; Flow OS Summary                                                                       ;
+----------------------+------------------+---------------+------------+----------------+
; Module Name          ; Machine Hostname ; OS Name       ; OS Version ; Processor type ;
+----------------------+------------------+---------------+------------+----------------+
; Analysis & Synthesis ; Yum-PC           ; Windows Vista ; 6.1        ; i686           ;
+----------------------+------------------+---------------+------------+----------------+


------------
; Flow Log ;
------------
quartus_map --read_settings_files=on --write_settings_files=off FFT_new -c FFT_new



