Flow report for FFT_new
Thu May 31 20:26:12 2012
Quartus II Version 9.1 Build 222 10/21/2009 SJ Full Version


---------------------
; Table of Contents ;
---------------------
  1. Legal Notice
  2. Flow Summary
  3. Flow Settings
  4. Flow Non-Default Global Settings
  5. Flow Elapsed Time
  6. Flow OS Summary
  7. Flow Log



----------------
; Legal Notice ;
----------------
Copyright (C) 1991-2009 Altera Corporation
Your use of Altera Corporation's design tools, logic functions 
and other software and tools, and its AMPP partner logic 
functions, and any output files from any of the foregoing 
(including device programming or simulation files), and any 
associated documentation or information are expressly subject 
to the terms and conditions of the Altera Program License 
Subscription Agreement, Altera MegaCore Function License 
Agreement, or other applicable license agreement, including, 
without limitation, that your use is for the sole purpose of 
programming logic devices manufactured by Altera and sold by 
Altera or its authorized distributors.  Please refer to the 
applicable agreement for further details.



+-------------------------------------------------------------------------------+
; Flow Summary                                                                  ;
+------------------------------------+------------------------------------------+
; Flow Status                        ; Successful - Thu May 31 20:26:12 2012    ;
; Quartus II Version                 ; 9.1 Build 222 10/21/2009 SJ Full Version ;
; Revision Name                      ; FFT_new                                  ;
; Top-level Entity Name              ; ifft                                     ;
; Family                             ; Cyclone III                              ;
; Device                             ; EP3C25F324C8                             ;
; Timing Models                      ; Final                                    ;
; Met timing requirements            ; No                                       ;
; Total logic elements               ; 2,440 / 24,624 ( 10 % )                  ;
;     Total combinational functions  ; 2,145 / 24,624 ( 9 % )                   ;
;     Dedicated logic registers      ; 1,303 / 24,624 ( 5 % )                   ;
; Total registers                    ; 1303                                     ;
; Total pins                         ; 90 / 216 ( 42 % )                        ;
; Total virtual pins                 ; 0                                        ;
; Total memory bits                  ; 4,293 / 608,256 ( < 1 % )                ;
; Embedded Multiplier 9-bit elements ; 24 / 132 ( 18 % )                        ;
; Total PLLs                         ; 0 / 4 ( 0 % )                            ;
+------------------------------------+------------------------------------------+


+-----------------------------------------+
; Flow Settings                           ;
+-------------------+---------------------+
; Option            ; Setting             ;
+-------------------+---------------------+
; Start date & time ; 05/31/2012 20:25:15 ;
; Main task         ; Compilation         ;
; Revision Name     ; FFT_new             ;
+-------------------+---------------------+


+-------------------------------------------------------------------------------------------------------------------------+
; Flow Non-Default Global Settings                                                                                        ;
+------------------------------------+-------------------------------------+---------------+-------------+----------------+
; Assignment Name                    ; Value                               ; Default Value ; Entity Name ; Section Id     ;
+------------------------------------+-------------------------------------+---------------+-------------+----------------+
; COMPILER_SIGNATURE_ID              ; 160601988257.133846711506064        ; --            ; --          ; --             ;
; EDA_OUTPUT_DATA_FORMAT             ; Verilog Hdl                         ; --            ; --          ; eda_simulation ;
; EDA_SIMULATION_TOOL                ; ModelSim (Verilog)                  ; <None>        ; --          ; --             ;
; EDA_TIME_SCALE                     ; 1 ps                                ; --            ; --          ; eda_simulation ;
; FMAX_REQUIREMENT                   ; 130 MHz                             ; --            ; --          ; --             ;
; MAX_CORE_JUNCTION_TEMP             ; 85                                  ; --            ; --          ; --             ;
; MIN_CORE_JUNCTION_TEMP             ; 0                                   ; --            ; --          ; --             ;
; MISC_FILE                          ; D:/FPGA designs/FFT_new/FFT_new.dpf ; --            ; --          ; --             ;
; NOMINAL_CORE_SUPPLY_VOLTAGE        ; 1.2V                                ; --            ; --          ; --             ;
; PARTITION_COLOR                    ; 16764057                            ; --            ; ifft        ; Top            ;
; PARTITION_NETLIST_TYPE             ; SOURCE                              ; --            ; ifft        ; Top            ;
; TOP_LEVEL_ENTITY                   ; ifft                                ; FFT_new       ; --          ; --             ;
; USE_GENERATED_PHYSICAL_CONSTRAINTS ; Off                                 ; --            ; --          ; eda_blast_fpga ;
; USE_TIMEQUEST_TIMING_ANALYZER      ; Off                                 ; On            ; --          ; --             ;
+------------------------------------+-------------------------------------+---------------+-------------+----------------+


+-----------------------------------------------------------------------------------------------------------------------------+
; Flow Elapsed Time                                                                                                           ;
+-------------------------+--------------+-------------------------+---------------------+------------------------------------+
; Module Name             ; Elapsed Time ; Average Processors Used ; Peak Virtual Memory ; Total CPU Time (on all processors) ;
+-------------------------+--------------+-------------------------+---------------------+------------------------------------+
; Analysis & Synthesis    ; 00:00:13     ; 1.0                     ; 218 MB              ; 00:00:13                           ;
; Fitter                  ; 00:00:29     ; 1.6                     ; 274 MB              ; 00:00:35                           ;
; Assembler               ; 00:00:03     ; 1.0                     ; 212 MB              ; 00:00:02                           ;
; Classic Timing Analyzer ; 00:00:02     ; 1.0                     ; 165 MB              ; 00:00:02                           ;
; EDA Netlist Writer      ; 00:00:04     ; 1.0                     ; 175 MB              ; 00:00:04                           ;
; Total                   ; 00:00:51     ; --                      ; --                  ; 00:00:56                           ;
+-------------------------+--------------+-------------------------+---------------------+------------------------------------+


+------------------------------------------------------------------------------------------+
; Flow OS Summary                                                                          ;
+-------------------------+------------------+---------------+------------+----------------+
; Module Name             ; Machine Hostname ; OS Name       ; OS Version ; Processor type ;
+-------------------------+------------------+---------------+------------+----------------+
; Analysis & Synthesis    ; Yum-PC           ; Windows Vista ; 6.1        ; i686           ;
; Fitter                  ; Yum-PC           ; Windows Vista ; 6.1        ; i686           ;
; Assembler               ; Yum-PC           ; Windows Vista ; 6.1        ; i686           ;
; Classic Timing Analyzer ; Yum-PC           ; Windows Vista ; 6.1        ; i686           ;
; EDA Netlist Writer      ; Yum-PC           ; Windows Vista ; 6.1        ; i686           ;
+-------------------------+------------------+---------------+------------+----------------+


------------
; Flow Log ;
------------
quartus_map --read_settings_files=on --write_settings_files=off FFT_new -c FFT_new
quartus_fit --read_settings_files=off --write_settings_files=off FFT_new -c FFT_new
quartus_asm --read_settings_files=off --write_settings_files=off FFT_new -c FFT_new
quartus_tan --read_settings_files=off --write_settings_files=off FFT_new -c FFT_new --timing_analysis_only
quartus_eda --read_settings_files=off --write_settings_files=off FFT_new -c FFT_new



